#
# There is insufficient memory for the Java Runtime Environment to continue.
# Native memory allocation (mmap) failed to map 536870912 bytes for Failed to commit area from 0x0000000601000000 to 0x0000000621000000 of length 536870912.
# Possible reasons:
#   The system is out of physical RAM or swap space
#   The process is running with CompressedOops enabled, and the Java Heap may be blocking the growth of the native heap
# Possible solutions:
#   Reduce memory load on the system
#   Increase physical memory or swap space
#   Check if swap backing store is full
#   Decrease Java heap size (-Xmx/-Xms)
#   Decrease number of Java threads
#   Decrease Java thread stack sizes (-Xss)
#   Set larger code cache with -XX:ReservedCodeCacheSize=
# This output file may be truncated or incomplete.
#
#  Out of Memory Error (./src/hotspot/os/windows/os_windows.cpp:3303), pid=8012, tid=1976
#
# JRE version:  (11.0.8+10) (build )
# Java VM: OpenJDK 64-Bit Server VM (11.0.8+10-b944.6842174, mixed mode, sharing, tiered, compressed oops, g1 gc, windows-amd64)
# No core dump will be written. Minidumps are not enabled by default on client versions of Windows
#

---------------  S U M M A R Y ------------

Command Line: -ea -javaagent:C:\Users\evbri\AppData\Local\Google\AndroidStudio4.2\testAgent\intellij-coverage-agent-1.0.512.jar=C:\Users\evbri\AppData\Local\Temp\coverageargs -Didea.test.cyclic.buffer.size=1048576 -javaagent:C:\Program Files\Android\Android Studio\lib\idea_rt.jar=61801:C:\Program Files\Android\Android Studio\bin -Dfile.encoding=UTF-8 com.intellij.rt.junit.JUnitStarter -ideVersion5 -junit4 com.obregon.countryflags.domain.usecase.FetchFlagUseCaseTest,fetchImage

Host: AMD Ryzen 5 2600 Six-Core Processor            , 12 cores, 31G,  Windows 10 , 64 bit Build 19041 (10.0.19041.928)
Time: Mon May 24 23:39:25 2021 GMT Summer Time elapsed time: 0 seconds (0d 0h 0m 0s)

---------------  T H R E A D  ---------------

Current thread (0x000001c4c0768800):  JavaThread "Unknown thread" [_thread_in_vm, id=1976, stack(0x0000004c97700000,0x0000004c97800000)]

Stack: [0x0000004c97700000,0x0000004c97800000]
Native frames: (J=compiled Java code, j=interpreted, Vv=VM code, C=native code)
V  [jvm.dll+0x5de50a]
V  [jvm.dll+0x7122f5]
V  [jvm.dll+0x71384d]
V  [jvm.dll+0x713f03]
V  [jvm.dll+0x23e728]
V  [jvm.dll+0x5db9a4]
V  [jvm.dll+0x5d0ae5]
V  [jvm.dll+0x2fb20b]
V  [jvm.dll+0x2fb17a]
V  [jvm.dll+0x2fb052]
V  [jvm.dll+0x2fff16]
V  [jvm.dll+0x348743]
V  [jvm.dll+0x348e46]
V  [jvm.dll+0x348843]
V  [jvm.dll+0x2d5d68]
V  [jvm.dll+0x2d6f07]
V  [jvm.dll+0x6f11f7]
V  [jvm.dll+0x6f29ec]
V  [jvm.dll+0x355cb9]
V  [jvm.dll+0x6d4ade]
V  [jvm.dll+0x3bdfe3]
V  [jvm.dll+0x3c0201]
C  [jli.dll+0x5373]
C  [ucrtbase.dll+0x21bb2]
C  [KERNEL32.DLL+0x17034]
C  [ntdll.dll+0x52651]


---------------  P R O C E S S  ---------------

Threads class SMR info:
_java_thread_list=0x000001c4be5f3990, length=0, elements={
}

Java Threads: ( => current thread )

Other Threads:
  0x000001c4c0781000 GCTaskThread "GC Thread#0" [stack: 0x0000004c97800000,0x0000004c97900000] [id=14936]
  0x000001c4c0803000 ConcurrentGCThread "G1 Main Marker" [stack: 0x0000004c97900000,0x0000004c97a00000] [id=21092]
  0x000001c4c0805800 ConcurrentGCThread "G1 Conc#0" [stack: 0x0000004c97a00000,0x0000004c97b00000] [id=12648]

[error occurred during error reporting (printing all threads), id 0xc0000005, EXCEPTION_ACCESS_VIOLATION (0xc0000005) at pc=0x00007ffb0f066357]

VM state:not at safepoint (not fully initialized)

VM Mutex/Monitor currently owned by a thread:  ([mutex/lock_event])
[0x000001c4c0765660] Heap_lock - owner thread: 0x000001c4c0768800

Heap address: 0x0000000601000000, size: 8176 MB, Compressed Oops mode: Non-zero based: 0x0000000601000000
Narrow klass base: 0x0000000000000000, Narrow klass shift: 0

GC Heap History (0 events):
No events

Deoptimization events (0 events):
No events

Classes redefined (0 events):
No events

Internal exceptions (0 events):
No events

Events (1 events):
Event: 0.008 Loaded shared library C:\Program Files\Android\Android Studio\jre\bin\zip.dll


Dynamic libraries:
0x00007ff688240000 - 0x00007ff68824a000 	C:\Program Files\Android\Android Studio\jre\bin\java.exe
0x00007ffb7c650000 - 0x00007ffb7c845000 	C:\WINDOWS\SYSTEM32\ntdll.dll
0x00007ffb7ad40000 - 0x00007ffb7adfd000 	C:\WINDOWS\System32\KERNEL32.DLL
0x00007ffb79e90000 - 0x00007ffb7a158000 	C:\WINDOWS\System32\KERNELBASE.dll
0x00007ffb79d90000 - 0x00007ffb79e90000 	C:\WINDOWS\System32\ucrtbase.dll
0x00007ffb75050000 - 0x00007ffb75069000 	C:\Program Files\Android\Android Studio\jre\bin\jli.dll
0x00007ffb746c0000 - 0x00007ffb746d7000 	C:\Program Files\Android\Android Studio\jre\bin\VCRUNTIME140.dll
0x00007ffb7bc10000 - 0x00007ffb7bdb0000 	C:\WINDOWS\System32\USER32.dll
0x00007ffb7a160000 - 0x00007ffb7a182000 	C:\WINDOWS\System32\win32u.dll
0x00007ffb64070000 - 0x00007ffb6430a000 	C:\WINDOWS\WinSxS\amd64_microsoft.windows.common-controls_6595b64144ccf1df_6.0.19041.844_none_ca00b6081b84eb1d\COMCTL32.dll
0x00007ffb7c5e0000 - 0x00007ffb7c60a000 	C:\WINDOWS\System32\GDI32.dll
0x00007ffb7a340000 - 0x00007ffb7a44b000 	C:\WINDOWS\System32\gdi32full.dll
0x00007ffb7a990000 - 0x00007ffb7aa2e000 	C:\WINDOWS\System32\msvcrt.dll
0x00007ffb7a1f0000 - 0x00007ffb7a28d000 	C:\WINDOWS\System32\msvcp_win.dll
0x00007ffb7c5a0000 - 0x00007ffb7c5d0000 	C:\WINDOWS\System32\IMM32.DLL
0x00007ffb5df50000 - 0x00007ffb5dfed000 	C:\Program Files\Android\Android Studio\jre\bin\msvcp140.dll
0x00007ffb0ed80000 - 0x00007ffb0f83c000 	C:\Program Files\Android\Android Studio\jre\bin\server\jvm.dll
0x00007ffb7a860000 - 0x00007ffb7a90c000 	C:\WINDOWS\System32\ADVAPI32.dll
0x00007ffb7c500000 - 0x00007ffb7c59b000 	C:\WINDOWS\System32\sechost.dll
0x00007ffb7ac00000 - 0x00007ffb7ad2b000 	C:\WINDOWS\System32\RPCRT4.dll
0x00007ffb7c5d0000 - 0x00007ffb7c5d8000 	C:\WINDOWS\System32\PSAPI.DLL
0x00007ffb754f0000 - 0x00007ffb754f9000 	C:\WINDOWS\SYSTEM32\WSOCK32.dll
0x00007ffb6c7e0000 - 0x00007ffb6c807000 	C:\WINDOWS\SYSTEM32\WINMM.dll
0x00007ffb6ef00000 - 0x00007ffb6ef0a000 	C:\WINDOWS\SYSTEM32\VERSION.dll
0x00007ffb7af90000 - 0x00007ffb7affb000 	C:\WINDOWS\System32\WS2_32.dll
0x00007ffb77ca0000 - 0x00007ffb77cb2000 	C:\WINDOWS\SYSTEM32\kernel.appcore.dll
0x00007ffb73a10000 - 0x00007ffb73a21000 	C:\Program Files\Android\Android Studio\jre\bin\verify.dll
0x00007ffb6f6e0000 - 0x00007ffb6f8c4000 	C:\WINDOWS\SYSTEM32\DBGHELP.DLL
0x00007ffb67580000 - 0x00007ffb675ac000 	C:\WINDOWS\SYSTEM32\dbgcore.DLL
0x00007ffb7a630000 - 0x00007ffb7a6b0000 	C:\WINDOWS\System32\bcryptPrimitives.dll
0x00007ffb71170000 - 0x00007ffb71199000 	C:\Program Files\Android\Android Studio\jre\bin\java.dll
0x00007ffb75100000 - 0x00007ffb7510b000 	C:\Program Files\Android\Android Studio\jre\bin\jimage.dll
0x00007ffb74a10000 - 0x00007ffb74a1f000 	C:\Program Files\Android\Android Studio\jre\bin\instrument.dll
0x00007ffb6e950000 - 0x00007ffb6e968000 	C:\Program Files\Android\Android Studio\jre\bin\zip.dll

dbghelp: loaded successfully - version: 4.0.5 - missing functions: none
symbol engine: initialized successfully - sym options: 0x614 - pdb path: .;C:\Program Files\Android\Android Studio\jre\bin;C:\WINDOWS\SYSTEM32;C:\WINDOWS\WinSxS\amd64_microsoft.windows.common-controls_6595b64144ccf1df_6.0.19041.844_none_ca00b6081b84eb1d;C:\Program Files\Android\Android Studio\jre\bin\server

VM Arguments:
jvm_args: -ea -javaagent:C:\Users\evbri\AppData\Local\Google\AndroidStudio4.2\testAgent\intellij-coverage-agent-1.0.512.jar=C:\Users\evbri\AppData\Local\Temp\coverageargs -Didea.test.cyclic.buffer.size=1048576 -javaagent:C:\Program Files\Android\Android Studio\lib\idea_rt.jar=61801:C:\Program Files\Android\Android Studio\bin -Dfile.encoding=UTF-8 
java_command: com.intellij.rt.junit.JUnitStarter -ideVersion5 -junit4 com.obregon.countryflags.domain.usecase.FetchFlagUseCaseTest,fetchImage
java_class_path (initial): C:\Program Files\Android\Android Studio\lib\idea_rt.jar;C:\Program Files\Android\Android Studio\plugins\junit\lib\junit5-rt.jar;C:\Program Files\Android\Android Studio\plugins\junit\lib\junit-rt.jar;C:\Users\evbri\AppData\Local\Android\Sdk\platforms\android-30\data\res;C:\Users\evbri\AndroidStudioProjects\CountryFlags\app\build\intermediates\javac\debug\classes;C:\Users\evbri\AndroidStudioProjects\CountryFlags\app\build\tmp\kapt3\classes\debugUnitTest;C:\Users\evbri\AndroidStudioProjects\CountryFlags\app\build\tmp\kotlin-classes\debugUnitTest;C:\Users\evbri\AndroidStudioProjects\CountryFlags\app\build\intermediates\compile_and_runtime_not_namespaced_r_class_jar\debug\R.jar;C:\Users\evbri\AndroidStudioProjects\CountryFlags\app\build\tmp\kotlin-classes\debug;C:\Users\evbri\AndroidStudioProjects\CountryFlags\app\build\tmp\kapt3\classes\debug;C:\Users\evbri\AndroidStudioProjects\CountryFlags\app\build\generated\res\resValues\debug;C:\Users\evbri\.gradle\caches\modules-2\files-2.1\androidx.room\room-migration\2.3.0\dbc91fbdfe48e4fb264d95c88a808ca7a3e5dacd\room-migration-2.3.0.jar;C:\Users\evbri\.gradle\caches\modules-2\files-2.1\org.jetbrains.kotlinx\kotlinx-coroutines-test\1.4.3\3a71eb81472e03214651affe0ff6c0a55d9b8304\kotlinx-coroutines-test-1.4.3.jar;C:\Users\evbri\.gradle\caches\modules-2\files-2.1\org.jetbrains.kotlinx\kotlinx-coroutines-core-jvm\1.4.3\1051e11eb789ed1df93412bebe0f06e9d29160e4\kotlinx-coroutines-core-jvm-1.4.3.jar;C:\Users\evbri\.gradle\caches\modules-2\files-2.1\junit\junit\4.13.2\8ac9e16d933b6fb43bc7f576336b8f4d7eb5ba12\junit-4.13.2.jar;C:\Users\evbri\.gradle\caches\modules-2\files-2.1\org.hamcrest\hamcrest-core\1.3\42a25dc3219429f0e5d060061f71acb49bf010a0\hamcrest-core-1.3.jar;C:\Users\evbri\.gradle\caches\modules-2\files-2.1\org.mockito\mockito-core\2.7.6\e32aee21b05dc19f271275b90c78bb7d31b379fa\mockito-core-2.7.6.jar;C:\Users\evbri\.gradle\caches\modules-2\files-2.1\android.arch.core\common\1.1.1\e55b70d1f5620db124b3
Launcher Type: SUN_STANDARD

[Global flags]
     intx CICompilerCount                          = 4                                         {product} {ergonomic}
     uint ConcGCThreads                            = 3                                         {product} {ergonomic}
     uint G1ConcRefinementThreads                  = 10                                        {product} {ergonomic}
   size_t G1HeapRegionSize                         = 2097152                                   {product} {ergonomic}
    uintx GCDrainStackTargetSize                   = 64                                        {product} {ergonomic}
   size_t InitialHeapSize                          = 536870912                                 {product} {ergonomic}
   size_t MarkStackSize                            = 4194304                                   {product} {ergonomic}
   size_t MaxHeapSize                              = 8573157376                                {product} {ergonomic}
   size_t MinHeapDeltaBytes                        = 2097152                                   {product} {ergonomic}
    uintx NonNMethodCodeHeapSize                   = 5836300                                {pd product} {ergonomic}
    uintx NonProfiledCodeHeapSize                  = 122910970                              {pd product} {ergonomic}
    uintx ProfiledCodeHeapSize                     = 122910970                              {pd product} {ergonomic}
    uintx ReservedCodeCacheSize                    = 251658240                              {pd product} {ergonomic}
     bool SegmentedCodeCache                       = true                                      {product} {ergonomic}
     bool UseCompressedClassPointers               = true                                 {lp64_product} {ergonomic}
     bool UseCompressedOops                        = true                                 {lp64_product} {ergonomic}
     bool UseG1GC                                  = true                                      {product} {ergonomic}
     bool UseLargePagesIndividualAllocation        = false                                  {pd product} {ergonomic}

Logging:
Log output configuration:
 #0: stdout all=warning uptime,level,tags
 #1: stderr all=off uptime,level,tags

Environment Variables:
JAVA_HOME=C:\Program Files\Amazon Corretto\jdk1.8.0_252
PATH=C:\Program Files (x86)\NVIDIA Corporation\PhysX\Common;C:\Program Files\Amazon Corretto\jdk1.8.0_252\bin;C:\Program Files (x86)\Python38-32\Scripts\;C:\Program Files (x86)\Python38-32\;C:\Program Files\ImageMagick-7.0.9-Q16;C:\Python38\Scripts\;C:\Python38\;C:\Program Files (x86)\Common Files\Oracle\Java\javapath;C:\WINDOWS\system32;C:\WINDOWS;C:\WINDOWS\System32\Wbem;C:\WINDOWS\System32\WindowsPowerShell\v1.0\;C:\WINDOWS\System32\OpenSSH\;C:\Program Files\WIDCOMM\Bluetooth Software\;C:\Program Files\WIDCOMM\Bluetooth Software\syswow64;C:\ProgramData\chocolatey\bin;C:\Program Files\Git\cmd;C:\Program Files\nodejs\;C:\ProgramData\nvm;C:\Program Files\nodejs;C:\Program Files (x86)\Yarn\bin\;C:\Users\evbri\Maven\apache-maven-3.6.3\bin;C:\Program Files\Amazon Corretto\jdk1.8.0_252\bin;C:\Users\evbri\AppData\Local\Android\Sdk;C:\Users\evbri\AppData\Local\Android\Sdk\platform-tools;C:\Program Files\dotnet\;C:\Program Files\Microsoft SQL Server\130\Tools\Binn\;F:\Program Files (x86)\IncrediBuild;C:\Program Files (x86)\Microsoft Emulator Manager\1.0\;C:\Program Files\Docker\Docker\resources\bin;C:\ProgramData\DockerDesktop\version-bin;C:\Users\evbri\AppData\Local\Microsoft\WindowsApps;C:\Program Files\JetBrains\IntelliJ IDEA 2019.2.4\bin;;C:\Program Files (x86)\Nmap;C:\Users\evbri\AppData\Roaming\npm;C:\Users\evbri\AppData\Local\Programs\Microsoft VS Code\bin;C:\Users\evbri\AppData\Local\Yarn\bin;C:\Users\evbri\AppData\Local\Programs\Fiddler;C:\Users\evbri\.dotnet\tools;C:\Users\evbri\AppData\Local\Microsoft\WindowsApps
USERNAME=evbri
OS=Windows_NT
PROCESSOR_IDENTIFIER=AMD64 Family 23 Model 8 Stepping 2, AuthenticAMD



---------------  S Y S T E M  ---------------

OS: Windows 10 , 64 bit Build 19041 (10.0.19041.928)
OS uptime: 9 days 19:17 hours
HyperV virtualization detected

CPU:total 12 (initial active 12) (12 cores per cpu, 2 threads per core) family 23 model 8 stepping 2, cmov, cx8, fxsr, mmx, sse, sse2, sse3, ssse3, sse4.1, sse4.2, popcnt, avx, avx2, aes, clmul, mmxext, 3dnowpref, lzcnt, sse4a, ht, tsc, tscinvbit, tscinv, bmi1, bmi2, adx, sha, fma

Memory: 4k page, system-wide physical 32702M (2605M free)
TotalPageFile size 61187M (AvailPageFile size 169M)
current process WorkingSet (physical memory assigned to process): 10M, peak: 10M
current process commit charge ("private bytes"): 65M, peak: 576M

vm_info: OpenJDK 64-Bit Server VM (11.0.8+10-b944.6842174) for windows-amd64 JRE (11.0.8+10-b944.6842174), built on Sep 19 2020 01:11:42 by "builder" with MS VC++ 14.0 (VS2015)

END.
